

*******************************************************************************
Fri Jan  9 01:25:38 2026


FIT:    data read from 'data.txt' using 1:2
        format = x:z
        #datapoints = 15
        residuals are weighted equally (unit weight)

function used for fitting: f(x)
	f(x) = a * log(x) + b
fitted parameters initialized with current variable values

iter      chisq       delta/lim  lambda   a             b            
   0 8.3239866075e+07   0.00e+00  9.99e+00    1.000000e+00   1.000000e+00
   5 8.9595052708e+03  -1.98e-01  9.99e-05    2.759187e+02  -1.519613e+03

After 5 iterations the fit converged.
final sum of squares of residuals : 8959.51
rel. change during last iteration : -1.98146e-06

degrees of freedom    (FIT_NDF)                        : 13
rms of residuals      (FIT_STDFIT) = sqrt(WSSR/ndf)    : 26.2525
variance of residuals (reduced chisquare) = WSSR/ndf   : 689.193

Final set of parameters            Asymptotic Standard Error
=======================            ==========================
a               = 275.919          +/- 8.973        (3.252%)
b               = -1519.61         +/- 126.4        (8.317%)

correlation matrix of the fit parameters:
                a      b      
a               1.000 
b              -0.999  1.000 


*******************************************************************************
Fri Jan  9 01:25:38 2026


FIT:    data read from 'data.txt' using 1:2
        format = x:z
        #datapoints = 15
        residuals are weighted equally (unit weight)

function used for fitting: f(x)
	f(x) = a * log(x) + b
fitted parameters initialized with current variable values

iter      chisq       delta/lim  lambda   a             b            
   0 8.9595052708e+03   0.00e+00  2.95e+03    2.759187e+02  -1.519613e+03
   1 8.9595052708e+03   0.00e+00  2.95e+06    2.759187e+02  -1.519613e+03

After 1 iterations the fit converged.
final sum of squares of residuals : 8959.51
rel. change during last iteration : 0

degrees of freedom    (FIT_NDF)                        : 13
rms of residuals      (FIT_STDFIT) = sqrt(WSSR/ndf)    : 26.2525
variance of residuals (reduced chisquare) = WSSR/ndf   : 689.193

Final set of parameters            Asymptotic Standard Error
=======================            ==========================
a               = 275.919          +/- 8.973        (3.252%)
b               = -1519.61         +/- 126.4        (8.317%)

correlation matrix of the fit parameters:
                a      b      
a               1.000 
b              -0.999  1.000 


*******************************************************************************
Fri Jan  9 01:25:38 2026


FIT:    data read from 'data.txt' using 1:3
        format = x:z
        #datapoints = 15
        residuals are weighted equally (unit weight)

function used for fitting: g(x)
	g(x) = c * log(x) + d
fitted parameters initialized with current variable values

iter      chisq       delta/lim  lambda   c             d            
   0 2.1323018328e+07   0.00e+00  9.99e+00    1.000000e+00   1.000000e+00
   6 4.1243006196e+03  -6.84e-10  9.99e-06    3.724929e+02  -4.065766e+03

After 6 iterations the fit converged.
final sum of squares of residuals : 4124.3
rel. change during last iteration : -6.83615e-15

degrees of freedom    (FIT_NDF)                        : 13
rms of residuals      (FIT_STDFIT) = sqrt(WSSR/ndf)    : 17.8116
variance of residuals (reduced chisquare) = WSSR/ndf   : 317.254

Final set of parameters            Asymptotic Standard Error
=======================            ==========================
c               = 372.493          +/- 6.088        (1.634%)
d               = -4065.77         +/- 85.75        (2.109%)

correlation matrix of the fit parameters:
                c      d      
c               1.000 
d              -0.999  1.000 


*******************************************************************************
Fri Jan  9 01:27:55 2026


FIT:    data read from 'data.txt' using 1:2
        format = x:z
        #datapoints = 15
        residuals are weighted equally (unit weight)

function used for fitting: f(x)
	f(x) = a * log(x) + b
fitted parameters initialized with current variable values

iter      chisq       delta/lim  lambda   a             b            
   0 8.3239866075e+07   0.00e+00  9.99e+00    1.000000e+00   1.000000e+00
   5 8.9595052708e+03  -1.98e-01  9.99e-05    2.759187e+02  -1.519613e+03

After 5 iterations the fit converged.
final sum of squares of residuals : 8959.51
rel. change during last iteration : -1.98146e-06

degrees of freedom    (FIT_NDF)                        : 13
rms of residuals      (FIT_STDFIT) = sqrt(WSSR/ndf)    : 26.2525
variance of residuals (reduced chisquare) = WSSR/ndf   : 689.193

Final set of parameters            Asymptotic Standard Error
=======================            ==========================
a               = 275.919          +/- 8.973        (3.252%)
b               = -1519.61         +/- 126.4        (8.317%)

correlation matrix of the fit parameters:
                a      b      
a               1.000 
b              -0.999  1.000 


*******************************************************************************
Fri Jan  9 01:27:55 2026


FIT:    data read from 'data.txt' using 1:2
        format = x:z
        #datapoints = 15
        residuals are weighted equally (unit weight)

function used for fitting: f(x)
	f(x) = a * log(x) + b
fitted parameters initialized with current variable values

iter      chisq       delta/lim  lambda   a             b            
   0 8.9595052708e+03   0.00e+00  2.95e+03    2.759187e+02  -1.519613e+03
   1 8.9595052708e+03   0.00e+00  2.95e+06    2.759187e+02  -1.519613e+03

After 1 iterations the fit converged.
final sum of squares of residuals : 8959.51
rel. change during last iteration : 0

degrees of freedom    (FIT_NDF)                        : 13
rms of residuals      (FIT_STDFIT) = sqrt(WSSR/ndf)    : 26.2525
variance of residuals (reduced chisquare) = WSSR/ndf   : 689.193

Final set of parameters            Asymptotic Standard Error
=======================            ==========================
a               = 275.919          +/- 8.973        (3.252%)
b               = -1519.61         +/- 126.4        (8.317%)

correlation matrix of the fit parameters:
                a      b      
a               1.000 
b              -0.999  1.000 


*******************************************************************************
Fri Jan  9 01:27:55 2026


FIT:    data read from 'data.txt' using 1:3
        format = x:z
        #datapoints = 15
        residuals are weighted equally (unit weight)

function used for fitting: g(x)
	g(x) = c * log(x) + d
fitted parameters initialized with current variable values

iter      chisq       delta/lim  lambda   c             d            
   0 2.1323018328e+07   0.00e+00  9.99e+00    1.000000e+00   1.000000e+00
   6 4.1243006196e+03  -6.84e-10  9.99e-06    3.724929e+02  -4.065766e+03

After 6 iterations the fit converged.
final sum of squares of residuals : 4124.3
rel. change during last iteration : -6.83615e-15

degrees of freedom    (FIT_NDF)                        : 13
rms of residuals      (FIT_STDFIT) = sqrt(WSSR/ndf)    : 17.8116
variance of residuals (reduced chisquare) = WSSR/ndf   : 317.254

Final set of parameters            Asymptotic Standard Error
=======================            ==========================
c               = 372.493          +/- 6.088        (1.634%)
d               = -4065.77         +/- 85.75        (2.109%)

correlation matrix of the fit parameters:
                c      d      
c               1.000 
d              -0.999  1.000 


*******************************************************************************
Fri Jan  9 01:32:11 2026


FIT:    data read from 'data.txt' using 1:2
        format = x:z
        #datapoints = 15
        residuals are weighted equally (unit weight)

function used for fitting: f(x)
	f(x) = a * log(x) + b
fitted parameters initialized with current variable values

iter      chisq       delta/lim  lambda   a             b            
   0 8.3239866075e+07   0.00e+00  9.99e+00    1.000000e+00   1.000000e+00
   5 8.9595052708e+03  -1.98e-01  9.99e-05    2.759187e+02  -1.519613e+03

After 5 iterations the fit converged.
final sum of squares of residuals : 8959.51
rel. change during last iteration : -1.98146e-06

degrees of freedom    (FIT_NDF)                        : 13
rms of residuals      (FIT_STDFIT) = sqrt(WSSR/ndf)    : 26.2525
variance of residuals (reduced chisquare) = WSSR/ndf   : 689.193

Final set of parameters            Asymptotic Standard Error
=======================            ==========================
a               = 275.919          +/- 8.973        (3.252%)
b               = -1519.61         +/- 126.4        (8.317%)

correlation matrix of the fit parameters:
                a      b      
a               1.000 
b              -0.999  1.000 


*******************************************************************************
Fri Jan  9 01:32:11 2026


FIT:    data read from 'data.txt' using 1:2
        format = x:z
        #datapoints = 15
        residuals are weighted equally (unit weight)

function used for fitting: f(x)
	f(x) = a * log(x) + b
fitted parameters initialized with current variable values

iter      chisq       delta/lim  lambda   a             b            
   0 8.9595052708e+03   0.00e+00  2.95e+03    2.759187e+02  -1.519613e+03
   1 8.9595052708e+03   0.00e+00  2.95e+06    2.759187e+02  -1.519613e+03

After 1 iterations the fit converged.
final sum of squares of residuals : 8959.51
rel. change during last iteration : 0

degrees of freedom    (FIT_NDF)                        : 13
rms of residuals      (FIT_STDFIT) = sqrt(WSSR/ndf)    : 26.2525
variance of residuals (reduced chisquare) = WSSR/ndf   : 689.193

Final set of parameters            Asymptotic Standard Error
=======================            ==========================
a               = 275.919          +/- 8.973        (3.252%)
b               = -1519.61         +/- 126.4        (8.317%)

correlation matrix of the fit parameters:
                a      b      
a               1.000 
b              -0.999  1.000 


*******************************************************************************
Fri Jan  9 01:32:11 2026


FIT:    data read from 'data.txt' using 1:3
        format = x:z
        #datapoints = 15
        residuals are weighted equally (unit weight)

function used for fitting: g(x)
	g(x) = c * log(x) + d
fitted parameters initialized with current variable values

iter      chisq       delta/lim  lambda   c             d            
   0 2.1323018328e+07   0.00e+00  9.99e+00    1.000000e+00   1.000000e+00
   6 4.1243006196e+03  -6.84e-10  9.99e-06    3.724929e+02  -4.065766e+03

After 6 iterations the fit converged.
final sum of squares of residuals : 4124.3
rel. change during last iteration : -6.83615e-15

degrees of freedom    (FIT_NDF)                        : 13
rms of residuals      (FIT_STDFIT) = sqrt(WSSR/ndf)    : 17.8116
variance of residuals (reduced chisquare) = WSSR/ndf   : 317.254

Final set of parameters            Asymptotic Standard Error
=======================            ==========================
c               = 372.493          +/- 6.088        (1.634%)
d               = -4065.77         +/- 85.75        (2.109%)

correlation matrix of the fit parameters:
                c      d      
c               1.000 
d              -0.999  1.000 
